<?xml version="1.0" encoding="UTF-8"?>
<!-- Generated by org.testng.reporters.JUnitXMLReporter -->
<testsuite hostname="LAPTOP-55QQK7EU" ignored="0" name="Free CRM Test cases" tests="16" failures="0" timestamp="28 May 2020 13:49:47 GMT" time="240.684" errors="0">
  <testcase name="clickContactLinkTest" time="1.155" classname="com.crm.qa.testcases.HomePageTest"/>
  <testcase name="clickDealsLinkTest" time="1.218" classname="com.crm.qa.testcases.HomePageTest"/>
  <testcase name="clickTasksLinkTest" time="1.205" classname="com.crm.qa.testcases.HomePageTest"/>
  <testcase name="verifyHomePageTitleTest" time="0.011" classname="com.crm.qa.testcases.HomePageTest"/>
  <testcase name="verifyUserNameTest" time="0.121" classname="com.crm.qa.testcases.HomePageTest"/>
  <testcase name="clickOnNewContactLinkTest" time="4.362" classname="com.crm.qa.testcases.ContactsPageTest"/>
  <testcase name="clickOnNewContactLinkTest" time="4.223" classname="com.crm.qa.testcases.ContactsPageTest"/>
  <testcase name="clickOnNewContactLinkTest" time="4.371" classname="com.crm.qa.testcases.ContactsPageTest"/>
  <testcase name="verifyCompaniesPageTest" time="1.357" classname="com.crm.qa.testcases.CompaniesPageTest"/>
  <testcase name="createNewEventTest" time="3.808" classname="com.crm.qa.testcases.CalenderPageTest"/>
  <testcase name="createNewEventTest" time="3.561" classname="com.crm.qa.testcases.CalenderPageTest"/>
  <testcase name="createNewEventTest" time="3.264" classname="com.crm.qa.testcases.CalenderPageTest"/>
  <testcase name="createNewEventTest" time="3.518" classname="com.crm.qa.testcases.CalenderPageTest"/>
  <testcase name="selectYearCalenderTest" time="3.074" classname="com.crm.qa.testcases.CalenderPageTest"/>
  <testcase name="verifyCalenderPageTest" time="1.394" classname="com.crm.qa.testcases.CalenderPageTest"/>
  <testcase name="verifyNewEventPageTest" time="2.067" classname="com.crm.qa.testcases.CalenderPageTest"/>
</testsuite> <!-- Free CRM Test cases -->
